{"logTime": "0404/102815", "correlationVector":"IW6mhDxOlTU/fcWvX8TQCR.1","action":"SyncServerConnectionManagerRequest", "result":"SYNC_SERVER_OK", "context":{"environment":"Prod_southindia_prod-s01-004-apac-southindia", "migrationStage":"NotStarted", "server":"akswtt011000025"}}
{"logTime": "0404/102815", "correlationVector":"IW6mhDxOlTU/fcWvX8TQCR.2","action":"ProcessGetUpdates", "result":"Done", "context":{"dataType":"Encryption Keys", "deleted":"0", "process_failed_to_decrypt":"0", "process_pending_decryption":"0", "process_success":"1", "total":"1"}}
{"logTime": "0404/102815", "correlationVector":"9n27qpv14rflEQv9bHCshj","action":"SyncServerConnectionManagerRequest", "result":"SYNC_SERVER_OK", "context":{"environment":"", "migrationStage":"", "server":""}}
{"logTime": "0404/102815", "correlationVector":"9n27qpv14rflEQv9bHCshj.0","action":"EncryptionKeysFetcher.DownloadKeys:", "result":"Success", "context":Key count: 8, Last key timestamp: 2025-03-02T16:59:22Z}
{"logTime": "0404/102815", "correlationVector":"9n27qpv14rflEQv9bHCshj.1","action":"EncryptionKeysManager::SetEncryptionKeys:", "result":"Success", "context":Key names[8]:[Nw65tQTqCMmNzujtoeLixbcsL3RpThWhiXQWho/FkXf3GYoFZFB56PHtOxJelT39ULG3EtvzthrBaa1eVCRYkw==][+xQYxj1r0TjzHUaa90J+nEl8UiCEEW81SzflOgI94LrHunddAlrNBwqFDL6ZaFQWoEX1IA0AHyKO9sEoDzjG2Q==][K4nhOwLJAvD+uklkhurt91IeUfV2keWuChWj85+K+jDH7a2mWbU1AAVDuooSNdZ9mlEPt99WUNngeAPl70laOw==][mKscELp7mR16ovrev1mt9MUPFaF0J0j+FPUUSDOGJ16G1hCb7n10/eUfS2FqrnzRPdx91nz/TxDInHqc8Yvsug==][d/gNhbMOyYLE4us8SRjQkLlxub6VulOgRfFuEvQyFwU/s9lNRBsJs2SO3WzzcEPX5api3SHhfyauRN2vMxm6ig==][fVD1eubYXhLIYHwi3Z/9TGKwJ6x3oT7/wlJLsmguzJ5Wzqav0UgQ+drpMY5XELqr7qLxMuZ+0vYrhUYzA1Hg/g==][3CXirJPy+jbPlkSscPd8pwf1n/af0yvwfIq57768Bl5v3CO8rQ+86FogOlUwXjsiglSgqBePXWRCH33sjkKT9A==][Tq0zla7y7JkHQD9nM8VLViM7TL+8pwFQw+dT3J4N/aIhhA/ji3tI8g47vSBIGI5NSqhKG/THlc/m8DzcyxCaqQ==]}
{"logTime": "0404/102815", "correlationVector":"9n27qpv14rflEQv9bHCshj.2","action":"EncryptionKeysManager::SetEncryptionKeysWithTimestamps:", "result":"Success", "context":Key timestamps[8]:[2022-09-26T01:56:05Z][2023-03-30T05:45:12Z][2023-03-31T10:06:34Z][2023-10-01T16:17:14Z][2023-11-09T00:55:39Z][2024-05-11T00:06:41Z][2024-11-08T07:06:46Z][2025-03-02T16:59:22Z]}
{"logTime": "0404/102815", "correlationVector":"IW6mhDxOlTU/fcWvX8TQCR","action":"Initial GetUpdates", "result":"", "context":Reason: NEW_CLIENT. cV=IW6mhDxOlTU/fcWvX8TQCR}
{"logTime": "0404/102815", "correlationVector":"IW6mhDxOlTU/fcWvX8TQCR.3","action":"GetUpdates Response", "result":"Success", "context":Received 1 update(s). cV=IW6mhDxOlTU/fcWvX8TQCR.0;server=akswtt011000025;cloudType=Consumer;environment=Prod_southindia_prod-s01-004-apac-southindia;migrationStage=NotStarted}
{"logTime": "0404/102816", "correlationVector":"+vgTz8r9GhbS977CD2srSv","action":"Initial GetUpdates", "result":"", "context":Reason: NEWLY_SUPPORTED_DATATYPE. cV=+vgTz8r9GhbS977CD2srSv}
{"logTime": "0404/102817", "correlationVector":"+vgTz8r9GhbS977CD2srSv.1","action":"SyncServerConnectionManagerRequest", "result":"SYNC_SERVER_OK", "context":{"environment":"Prod_southindia_prod-s01-004-apac-southindia", "migrationStage":"NotStarted", "server":"akswtt01100000o"}}
{"logTime": "0404/102817", "correlationVector":"+vgTz8r9GhbS977CD2srSv.2","action":"ProcessGetUpdates", "result":"Done", "context":{"dataType":"Preferences", "deleted":"0", "process_failed_to_decrypt":"0", "process_pending_decryption":"0", "process_success":"64", "total":"64"}}
{"logTime": "0404/102817", "correlationVector":"+vgTz8r9GhbS977CD2srSv.3","action":"ProcessGetUpdates", "result":"Done", "context":{"dataType":"Passwords", "deleted":"1", "process_failed_to_decrypt":"0", "process_pending_decryption":"0", "process_success":"103", "total":"103"}}
{"logTime": "0404/102817", "correlationVector":"+vgTz8r9GhbS977CD2srSv.4","action":"ProcessGetUpdates", "result":"Done", "context":{"dataType":"Device Info", "deleted":"0", "process_failed_to_decrypt":"0", "process_pending_decryption":"0", "process_success":"1", "total":"1"}}
{"logTime": "0404/102817", "correlationVector":"+vgTz8r9GhbS977CD2srSv.5","action":"GetUpdates Response", "result":"Success", "context":Received 168 update(s). cV=+vgTz8r9GhbS977CD2srSv.0;server=akswtt01100000o;cloudType=Consumer;environment=Prod_southindia_prod-s01-004-apac-southindia;migrationStage=NotStarted}
{"logTime": "0404/102817", "correlationVector":"6+8bIFP88p32C4IdxItyKA","action":"Initial GetUpdates", "result":"", "context":Reason: NEWLY_SUPPORTED_DATATYPE. cV=6+8bIFP88p32C4IdxItyKA}
{"logTime": "0404/102817", "correlationVector":"6+8bIFP88p32C4IdxItyKA.1","action":"SyncServerConnectionManagerRequest", "result":"SYNC_SERVER_OK", "context":{"environment":"Prod_southindia_prod-s01-004-apac-southindia", "migrationStage":"NotStarted", "server":"akswtt011000029"}}
{"logTime": "0404/102817", "correlationVector":"6+8bIFP88p32C4IdxItyKA.2","action":"ProcessGetUpdates", "result":"Done", "context":{"dataType":"Bookmarks", "deleted":"0", "process_failed_to_decrypt":"0", "process_pending_decryption":"0", "process_success":"20", "total":"20"}}
{"logTime": "0404/102817", "correlationVector":"6+8bIFP88p32C4IdxItyKA.3","action":"GetUpdates Response", "result":"Success", "context":Received 20 update(s). cV=6+8bIFP88p32C4IdxItyKA.0;server=akswtt011000029;cloudType=Consumer;environment=Prod_southindia_prod-s01-004-apac-southindia;migrationStage=NotStarted}
{"logTime": "0404/102817", "correlationVector":"34WguGFvzaBIYEtHe5CIC5","action":"Initial GetUpdates", "result":"", "context":Reason: NEWLY_SUPPORTED_DATATYPE. cV=34WguGFvzaBIYEtHe5CIC5}
{"logTime": "0404/102818", "correlationVector":"34WguGFvzaBIYEtHe5CIC5.1","action":"SyncServerConnectionManagerRequest", "result":"SYNC_SERVER_OK", "context":{"environment":"Prod_southindia_prod-s01-004-apac-southindia", "migrationStage":"NotStarted", "server":"akswtt01100002i"}}
{"logTime": "0404/102818", "correlationVector":"34WguGFvzaBIYEtHe5CIC5.2","action":"ProcessGetUpdates", "result":"Done", "context":{"dataType":"Autofill", "deleted":"0", "process_failed_to_decrypt":"0", "process_pending_decryption":"0", "process_success":"3", "total":"3"}}
{"logTime": "0404/102818", "correlationVector":"34WguGFvzaBIYEtHe5CIC5.3","action":"ProcessGetUpdates", "result":"Done", "context":{"dataType":"Sessions", "deleted":"56", "process_failed_to_decrypt":"0", "process_pending_decryption":"0", "process_success":"58", "total":"58"}}
{"logTime": "0404/102818", "correlationVector":"34WguGFvzaBIYEtHe5CIC5.4","action":"ProcessGetUpdates", "result":"Done", "context":{"dataType":"Edge Hub App Usage", "deleted":"9", "process_failed_to_decrypt":"0", "process_pending_decryption":"0", "process_success":"11", "total":"11"}}
{"logTime": "0404/102818", "correlationVector":"34WguGFvzaBIYEtHe5CIC5.5","action":"GetUpdates Response", "result":"Success", "context":Received 72 update(s). cV=34WguGFvzaBIYEtHe5CIC5.0;server=akswtt01100002i;cloudType=Consumer;environment=Prod_southindia_prod-s01-004-apac-southindia;migrationStage=NotStarted}
{"logTime": "0404/102818", "correlationVector":"+ojUr/At93jL3PvJKyln/T","action":"Initial GetUpdates", "result":"", "context":Reason: NEWLY_SUPPORTED_DATATYPE. cV=+ojUr/At93jL3PvJKyln/T}
{"logTime": "0404/102819", "correlationVector":"+ojUr/At93jL3PvJKyln/T.1","action":"SyncServerConnectionManagerRequest", "result":"SYNC_SERVER_OK", "context":{"environment":"Prod_southindia_prod-s01-004-apac-southindia", "migrationStage":"NotStarted", "server":"akswtt01100000g"}}
{"logTime": "0404/102819", "correlationVector":"+ojUr/At93jL3PvJKyln/T.2","action":"GetUpdates Response", "result":"Success", "context":Received 0 update(s). cV=+ojUr/At93jL3PvJKyln/T.0;server=akswtt01100000g;cloudType=Consumer;environment=Prod_southindia_prod-s01-004-apac-southindia;migrationStage=NotStarted}
{"logTime": "0404/102819", "correlationVector":"n+MnfWO3CPul2MFPO/KLBE","action":"Normal GetUpdate request", "result":"", "context":cV=n+MnfWO3CPul2MFPO/KLBE
Nudged types: Bookmarks, Sessions, Device Info, User Consents
Refresh requested types: Bookmarks, Preferences, Passwords, Autofill Profiles, Autofill, Extensions, Sessions, Extension settings, History Delete Directives, Device Info, User Consents, Send Tab To Self, Web Apps, History, Collection, Edge E Drop, Edge Hub App Usage, Edge Tab Group, Edge Wallet, Encryption Keys}
{"logTime": "0404/102819", "correlationVector":"n+MnfWO3CPul2MFPO/KLBE.1","action":"SyncServerConnectionManagerRequest", "result":"SYNC_SERVER_OK", "context":{"environment":"Prod_southindia_prod-s01-004-apac-southindia", "migrationStage":"NotStarted", "server":"akswtt011000019"}}
{"logTime": "0404/102819", "correlationVector":"n+MnfWO3CPul2MFPO/KLBE.2","action":"GetUpdates Response", "result":"Success", "context":Received 0 update(s). cV=n+MnfWO3CPul2MFPO/KLBE.0;server=akswtt011000019;cloudType=Consumer;environment=Prod_southindia_prod-s01-004-apac-southindia;migrationStage=NotStarted}
{"logTime": "0404/102819", "correlationVector":"fc479G/Jn/QQcDV/EbBieZ","action":"Commit Request", "result":"", "context":Item count: 11
Contributing types: Bookmarks, Sessions, Device Info, User Consents}
{"logTime": "0404/102821", "correlationVector":"fc479G/Jn/QQcDV/EbBieZ.1","action":"SyncServerConnectionManagerRequest", "result":"SYNC_SERVER_OK", "context":{"environment":"Prod_southindia_prod-s01-004-apac-southindia", "migrationStage":"NotStarted", "server":"akswtt01100001s"}}
{"logTime": "0404/102821", "correlationVector":"fc479G/Jn/QQcDV/EbBieZ.2","action":"Commit Response", "result":"Success", "context":Result: Success. cV=fc479G/Jn/QQcDV/EbBieZ.0;server=akswtt01100001s;cloudType=Consumer;environment=Prod_southindia_prod-s01-004-apac-southindia;migrationStage=NotStarted}
{"logTime": "0404/102821", "correlationVector":"xxmcTzORRAlvyb/EQTLs2p","action":"Commit Request", "result":"", "context":Item count: 1
Contributing types: History}
{"logTime": "0404/102822", "correlationVector":"xxmcTzORRAlvyb/EQTLs2p.1","action":"SyncServerConnectionManagerRequest", "result":"SYNC_SERVER_OK", "context":{"environment":"Prod_southindia_prod-s01-004-apac-southindia", "migrationStage":"NotStarted", "server":"akswtt01100002g"}}
{"logTime": "0404/102822", "correlationVector":"xxmcTzORRAlvyb/EQTLs2p.2","action":"Commit Response", "result":"Success", "context":Result: Success. cV=xxmcTzORRAlvyb/EQTLs2p.0;server=akswtt01100002g;cloudType=Consumer;environment=Prod_southindia_prod-s01-004-apac-southindia;migrationStage=NotStarted}
{"logTime": "0404/102827", "correlationVector":"CqAq6uks6rcanPTIxzbS2i","action":"Commit Request", "result":"", "context":Item count: 4
Contributing types: Preferences, Sessions, History}
{"logTime": "0404/102828", "correlationVector":"CqAq6uks6rcanPTIxzbS2i.1","action":"SyncServerConnectionManagerRequest", "result":"SYNC_SERVER_OK", "context":{"environment":"Prod_southindia_prod-s01-004-apac-southindia", "migrationStage":"NotStarted", "server":"akswtt011000025"}}
{"logTime": "0404/102828", "correlationVector":"CqAq6uks6rcanPTIxzbS2i.2","action":"Commit Response", "result":"Success", "context":Result: Success. cV=CqAq6uks6rcanPTIxzbS2i.0;server=akswtt011000025;cloudType=Consumer;environment=Prod_southindia_prod-s01-004-apac-southindia;migrationStage=NotStarted}
